<?xml version="1.0" encoding="UTF-8"?>
<testng-results ignored="0" total="1" passed="1" failed="0" skipped="0">
  <reporter-output>
  </reporter-output>
  <suite started-at="2024-06-04T19:25:07Z" name="Default suite" finished-at="2024-06-04T19:25:18Z" duration-ms="11181">
    <groups>
    </groups>
    <test started-at="2024-06-04T19:25:07Z" name="Default test" finished-at="2024-06-04T19:25:18Z" duration-ms="11181">
      <class name="com.crm.qa.testcases.ContactsPageTest">
        <test-method is-config="true" signature="setup()[pri:0, instance:com.crm.qa.testcases.ContactsPageTest@492691d7]" started-at="2024-06-04T19:25:07Z" name="setup" finished-at="2024-06-04T19:25:16Z" duration-ms="9701" status="PASS">
          <reporter-output>
          </reporter-output>
        </test-method> <!-- setup -->
        <test-method signature="verifySelectingSingleContactsTest()[pri:0, instance:com.crm.qa.testcases.ContactsPageTest@492691d7]" started-at="2024-06-04T19:25:16Z" name="verifySelectingSingleContactsTest" finished-at="2024-06-04T19:25:17Z" duration-ms="1169" status="PASS">
          <reporter-output>
          </reporter-output>
        </test-method> <!-- verifySelectingSingleContactsTest -->
        <test-method is-config="true" signature="tearDown()[pri:0, instance:com.crm.qa.testcases.ContactsPageTest@492691d7]" started-at="2024-06-04T19:25:17Z" name="tearDown" finished-at="2024-06-04T19:25:18Z" duration-ms="289" status="PASS">
          <reporter-output>
          </reporter-output>
        </test-method> <!-- tearDown -->
      </class> <!-- com.crm.qa.testcases.ContactsPageTest -->
    </test> <!-- Default test -->
  </suite> <!-- Default suite -->
</testng-results>
